<?xml version="1.0" encoding="UTF-8"?>
<testng-results ignored="0" total="1" passed="1" failed="0" skipped="0">
  <reporter-output>
  </reporter-output>
  <suite started-at="2022-03-26T08:48:19 IST" name="Default suite" finished-at="2022-03-26T08:48:19 IST" duration-ms="85">
    <groups>
    </groups>
    <test started-at="2022-03-26T08:48:19 IST" name="Default test" finished-at="2022-03-26T08:48:19 IST" duration-ms="85">
      <class name="com.crmMyProject.Prctice.CreateContact">
        <test-method signature="createContact()[pri:0, instance:com.crmMyProject.Prctice.CreateContact@53976f5c]" started-at="2022-03-26T08:48:19 IST" name="createContact" finished-at="2022-03-26T08:48:19 IST" duration-ms="15" status="PASS">
          <reporter-output>
          </reporter-output>
        </test-method> <!-- createContact -->
      </class> <!-- com.crmMyProject.Prctice.CreateContact -->
    </test> <!-- Default test -->
  </suite> <!-- Default suite -->
</testng-results>
